This is cutadapt 2.8 with Python 3.8.10
Command line parameters: -q 20 -a AGATCGGAAGAGC -m 20 -o clean.fastq sample.fastq
Processing reads on 1 core in single-end mode ...
Finished in 0.01 s (1361 us/read; 0.04 M reads/minute).

=== Summary ===

Total reads processed:                       8
Reads with adapters:                         1 (12.5%)
Reads that were too short:                   2 (25.0%)
Reads written (passing filters):             6 (75.0%)

Total basepairs processed:       148,715 bp
Quality-trimmed:                  40,837 bp (27.5%)
Total written (filtered):        107,875 bp (72.5%)

=== Adapter 1 ===

Sequence: AGATCGGAAGAGC; Type: regular 3'; Length: 13; Trimmed: 1 times; Reverse-complemented: 0 times

No. of allowed errors:
0-9 bp: 0; 10-13 bp: 1

Bases preceding removed adapters:
  A: 0.0%
  C: 0.0%
  G: 100.0%
  T: 0.0%
  none/other: 0.0%

Overview of removed sequences
length	count	expect	max.err	error counts
3	1	0.1	0	1
