Apr-05 13:51:50.136 [main] DEBUG nextflow.cli.Launcher - $> nextflow run main.nf
Apr-05 13:51:50.334 [main] DEBUG nextflow.cli.CmdRun - N E X T F L O W  ~  version 25.10.4
Apr-05 13:51:50.391 [main] DEBUG nextflow.plugin.PluginsFacade - Setting up plugin manager > mode=prod; embedded=false; plugins-dir=/home/sriram/.nextflow/plugins; core-plugins: nf-amazon@3.4.4,nf-azure@1.20.2,nf-cloudcache@0.5.0,nf-codecommit@0.5.0,nf-console@1.3.0,nf-google@1.23.5,nf-k8s@1.2.2,nf-tower@1.17.5,nf-wave@1.16.1
Apr-05 13:51:50.440 [main] INFO  o.pf4j.DefaultPluginStatusProvider - Enabled plugins: []
Apr-05 13:51:50.441 [main] INFO  o.pf4j.DefaultPluginStatusProvider - Disabled plugins: []
Apr-05 13:51:50.445 [main] INFO  org.pf4j.DefaultPluginManager - PF4J version 3.12.0 in 'deployment' mode
Apr-05 13:51:50.482 [main] DEBUG nextflow.util.RetryConfig - Missing nextflow session - using default retry config
Apr-05 13:51:50.780 [main] INFO  org.pf4j.AbstractPluginManager - No plugins
Apr-05 13:51:50.829 [main] DEBUG nextflow.config.ConfigBuilder - Found config local: /home/sriram/rna_seq_pipeline/nextflow.config
Apr-05 13:51:50.835 [main] DEBUG nextflow.config.ConfigBuilder - Parsing config file: /home/sriram/rna_seq_pipeline/nextflow.config
Apr-05 13:51:50.882 [main] DEBUG nextflow.config.ConfigBuilder - Applying config profile: `standard`
Apr-05 13:51:51.515 [main] DEBUG nextflow.plugin.PluginsFacade - Plugins default=[]
Apr-05 13:51:51.515 [main] DEBUG nextflow.plugin.PluginsFacade - Plugins resolved requirement=[]
Apr-05 13:51:51.539 [main] DEBUG n.secret.LocalSecretsProvider - Secrets store: /home/sriram/.nextflow/secrets/store.json
Apr-05 13:51:51.543 [main] DEBUG nextflow.secret.SecretsLoader - Discovered secrets providers: [nextflow.secret.LocalSecretsProvider@161aa04a] - activable => nextflow.secret.LocalSecretsProvider@161aa04a
Apr-05 13:51:51.560 [main] DEBUG nextflow.cli.CmdRun - Applied DSL=2 by global default
Apr-05 13:51:51.585 [main] DEBUG nextflow.cli.CmdRun - Launching `main.nf` [modest_euler] DSL2 - revision: 0fb8361692
Apr-05 13:51:51.687 [main] DEBUG nextflow.Session - Session UUID: 9eb118b4-54e3-4fe2-8240-ccbdbd7dc502
Apr-05 13:51:51.687 [main] DEBUG nextflow.Session - Run name: modest_euler
Apr-05 13:51:51.688 [main] DEBUG nextflow.Session - Executor pool size: 12
Apr-05 13:51:51.700 [main] DEBUG nextflow.file.FilePorter - File porter settings maxRetries=3; maxTransfers=50; pollTimeout=null
Apr-05 13:51:51.711 [main] DEBUG nextflow.util.ThreadPoolBuilder - Creating thread pool 'FileTransfer' minSize=10; maxSize=36; workQueue=LinkedBlockingQueue[-1]; allowCoreThreadTimeout=false
Apr-05 13:51:51.759 [main] DEBUG nextflow.cli.CmdRun - 
  Version: 25.10.4 build 11173
  Created: 10-02-2026 15:17 UTC 
  System: Linux 6.6.87.2-microsoft-standard-WSL2
  Runtime: Groovy 4.0.28 on OpenJDK 64-Bit Server VM 21.0.10+7-Ubuntu-124.04
  Encoding: UTF-8 (UTF-8)
  Process: 24260@DESKTOP-SA4U758 [127.0.1.1]
  CPUs: 12 - Mem: 7.6 GB (5.5 GB) - Swap: 2 GB (2 GB)
Apr-05 13:51:51.787 [main] DEBUG nextflow.Session - Work-dir: /home/sriram/rna_seq_pipeline/work [ext2/ext3]
Apr-05 13:51:51.788 [main] DEBUG nextflow.Session - Script base path does not exist or is not a directory: /home/sriram/rna_seq_pipeline/bin
Apr-05 13:51:51.825 [main] DEBUG nextflow.executor.ExecutorFactory - Extension executors providers=[]
Apr-05 13:51:51.838 [main] DEBUG nextflow.Session - Observer factory (v2): LinObserverFactory
Apr-05 13:51:51.842 [main] DEBUG nextflow.Session - Observer factory (v2): DefaultObserverFactory
Apr-05 13:51:51.897 [main] DEBUG nextflow.cache.CacheFactory - Using Nextflow cache factory: nextflow.cache.DefaultCacheFactory
Apr-05 13:51:51.920 [main] DEBUG nextflow.util.CustomThreadPool - Creating default thread pool > poolSize: 13; maxThreads: 1000
Apr-05 13:51:52.034 [main] DEBUG nextflow.Session - Session start
Apr-05 13:51:52.442 [main] DEBUG nextflow.script.ScriptRunner - > Launching execution
Apr-05 13:51:52.727 [main] DEBUG nextflow.executor.ExecutorFactory - << taskConfig executor: null
Apr-05 13:51:52.727 [main] DEBUG nextflow.executor.ExecutorFactory - >> processorType: 'local'
Apr-05 13:51:52.751 [main] DEBUG nextflow.executor.Executor - [warm up] executor > local
Apr-05 13:51:52.762 [main] DEBUG n.processor.LocalPollingMonitor - Creating local task monitor for executor 'local' > cpus=12; memory=7.6 GB; capacity=12; pollInterval=100ms; dumpInterval=5m
Apr-05 13:51:52.769 [main] DEBUG n.processor.TaskPollingMonitor - >>> barrier register (monitor: local)
Apr-05 13:51:52.814 [main] DEBUG nextflow.processor.TaskProcessor - Creating process 'QC': maxForks=0; fair=false; array=0
Apr-05 13:51:52.870 [main] DEBUG nextflow.executor.ExecutorFactory - << taskConfig executor: null
Apr-05 13:51:52.870 [main] DEBUG nextflow.executor.ExecutorFactory - >> processorType: 'local'
Apr-05 13:51:52.872 [main] DEBUG nextflow.processor.TaskProcessor - Creating process 'TRIM': maxForks=0; fair=false; array=0
Apr-05 13:51:52.879 [main] DEBUG nextflow.executor.ExecutorFactory - << taskConfig executor: null
Apr-05 13:51:52.879 [main] DEBUG nextflow.executor.ExecutorFactory - >> processorType: 'local'
Apr-05 13:51:52.880 [main] DEBUG nextflow.processor.TaskProcessor - Creating process 'ALIGN': maxForks=0; fair=false; array=0
Apr-05 13:51:52.885 [main] DEBUG nextflow.executor.ExecutorFactory - << taskConfig executor: null
Apr-05 13:51:52.886 [main] DEBUG nextflow.executor.ExecutorFactory - >> processorType: 'local'
Apr-05 13:51:52.887 [main] DEBUG nextflow.processor.TaskProcessor - Creating process 'COUNT': maxForks=0; fair=false; array=0
Apr-05 13:51:52.891 [main] DEBUG nextflow.Session - Workflow process names [dsl2]: QC, ALIGN, TRIM, COUNT
Apr-05 13:51:52.895 [main] DEBUG nextflow.Session - Igniting dataflow network (7)
Apr-05 13:51:52.908 [PathVisitor-2] DEBUG nextflow.file.PathVisitor - files for syntax: glob; folder: reference/; pattern: genome_index*.ht2; options: [:]
Apr-05 13:51:52.909 [main] DEBUG nextflow.processor.TaskProcessor - Starting process > QC
Apr-05 13:51:52.911 [main] DEBUG nextflow.processor.TaskProcessor - Starting process > TRIM
Apr-05 13:51:52.912 [main] DEBUG nextflow.processor.TaskProcessor - Starting process > ALIGN
Apr-05 13:51:52.912 [main] DEBUG nextflow.processor.TaskProcessor - Starting process > COUNT
Apr-05 13:51:52.914 [main] DEBUG nextflow.script.ScriptRunner - Parsed script files:
  Script_0e471c662dd1017a: /home/sriram/rna_seq_pipeline/main.nf
Apr-05 13:51:52.915 [main] DEBUG nextflow.script.ScriptRunner - > Awaiting termination 
Apr-05 13:51:52.915 [main] DEBUG nextflow.Session - Session await
Apr-05 13:51:53.309 [Task submitter] DEBUG n.executor.local.LocalTaskHandler - Launch cmd line: /bin/bash -ue .command.run
Apr-05 13:51:53.318 [Task submitter] INFO  nextflow.Session - [76/fa096b] Submitted process > TRIM (1)
Apr-05 13:51:53.342 [Task submitter] DEBUG n.executor.local.LocalTaskHandler - Launch cmd line: /bin/bash -ue .command.run
Apr-05 13:51:53.343 [Task submitter] INFO  nextflow.Session - [0d/119dac] Submitted process > QC (1)
Apr-05 13:51:55.772 [Task monitor] DEBUG n.processor.TaskPollingMonitor - Task completed > TaskHandler[id: 1; name: TRIM (1); status: COMPLETED; exit: 0; error: -; workDir: /home/sriram/rna_seq_pipeline/work/76/fa096bfec8efc54b518aafe783a661]
Apr-05 13:51:55.773 [Task monitor] DEBUG nextflow.util.ThreadPoolBuilder - Creating thread pool 'TaskFinalizer' minSize=10; maxSize=36; workQueue=LinkedBlockingQueue[-1]; allowCoreThreadTimeout=false
Apr-05 13:51:55.806 [TaskFinalizer-1] DEBUG nextflow.util.ThreadPoolBuilder - Creating thread pool 'PublishDir' minSize=10; maxSize=36; workQueue=LinkedBlockingQueue[-1]; allowCoreThreadTimeout=false
Apr-05 13:51:55.824 [Task submitter] DEBUG n.executor.local.LocalTaskHandler - Launch cmd line: /bin/bash -ue .command.run
Apr-05 13:51:55.825 [Task submitter] INFO  nextflow.Session - [b1/3dbae5] Submitted process > ALIGN (1)
Apr-05 13:51:57.365 [Task monitor] DEBUG n.processor.TaskPollingMonitor - Task completed > TaskHandler[id: 3; name: ALIGN (1); status: COMPLETED; exit: 0; error: -; workDir: /home/sriram/rna_seq_pipeline/work/b1/3dbae5986f9ac41f10b9505e8b4780]
Apr-05 13:51:57.398 [Task submitter] DEBUG n.executor.local.LocalTaskHandler - Launch cmd line: /bin/bash -ue .command.run
Apr-05 13:51:57.401 [Task submitter] INFO  nextflow.Session - [90/8475a2] Submitted process > COUNT (1)
Apr-05 13:51:58.632 [Task monitor] DEBUG n.processor.TaskPollingMonitor - Task completed > TaskHandler[id: 4; name: COUNT (1); status: COMPLETED; exit: 0; error: -; workDir: /home/sriram/rna_seq_pipeline/work/90/8475a2adcc8d8223960aec14ae0f45]
Apr-05 13:51:59.188 [Task monitor] DEBUG n.processor.TaskPollingMonitor - Task completed > TaskHandler[id: 2; name: QC (1); status: COMPLETED; exit: 0; error: -; workDir: /home/sriram/rna_seq_pipeline/work/0d/119dac38ebef9865d07685b9aa6a1b]
Apr-05 13:51:59.196 [main] DEBUG nextflow.Session - Session await > all processes finished
Apr-05 13:51:59.290 [Task monitor] DEBUG n.processor.TaskPollingMonitor - <<< barrier arrives (monitor: local) - terminating tasks monitor poll loop
Apr-05 13:51:59.291 [main] DEBUG nextflow.Session - Session await > all barriers passed
Apr-05 13:51:59.298 [main] DEBUG nextflow.util.ThreadPoolManager - Thread pool 'TaskFinalizer' shutdown completed (hard=false)
Apr-05 13:51:59.299 [main] DEBUG nextflow.util.ThreadPoolManager - Thread pool 'PublishDir' shutdown completed (hard=false)
Apr-05 13:51:59.326 [main] DEBUG n.trace.WorkflowStatsObserver - Workflow completed > WorkflowStats[succeededCount=4; failedCount=0; ignoredCount=0; cachedCount=0; pendingCount=0; submittedCount=0; runningCount=0; retriesCount=0; abortedCount=0; succeedDuration=21.7s; failedDuration=0ms; cachedDuration=0ms;loadCpus=0; loadMemory=0; peakRunning=2; peakCpus=4; peakMemory=4 GB; ]
Apr-05 13:51:59.359 [main] DEBUG nextflow.cache.CacheDB - Closing CacheDB done
Apr-05 13:51:59.418 [main] DEBUG nextflow.util.ThreadPoolManager - Thread pool 'FileTransfer' shutdown completed (hard=false)
Apr-05 13:51:59.420 [main] DEBUG nextflow.script.ScriptRunner - > Execution complete -- Goodbye
