Starting gene counting...

        ==========     _____ _    _ ____  _____  ______          _____  
        =====         / ____| |  | |  _ \|  __ \|  ____|   /\   |  __ \ 
          =====      | (___ | |  | | |_) | |__) | |__     /  \  | |  | |
            ====      \___ \| |  | |  _ <|  _  /|  __|   / /\ \ | |  | |
              ====    ____) | |__| | |_) | | \ \| |____ / ____ \| |__| |
        ==========   |_____/ \____/|____/|_|  \_\______/_/    \_\_____/
	  v2.0.6

//========================== featureCounts setting ===========================\\
||                                                                            ||
||             Input files : 1 BAM file                                       ||
||                                                                            ||
||                           aligned_sorted.bam                               ||
||                                                                            ||
||             Output file : counts.txt                                       ||
||                 Summary : counts.txt.summary                               ||
||              Paired-end : no                                               ||
||        Count read pairs : no                                               ||
||              Annotation : annotation.gtf (GTF)                             ||
||      Dir for temp files : ../results                                       ||
||                                                                            ||
||                 Threads : 1                                                ||
||                   Level : meta-feature level                               ||
||      Multimapping reads : not counted                                      ||
|| Multi-overlapping reads : not counted                                      ||
||   Min overlapping bases : 1                                                ||
||                                                                            ||
\\============================================================================//

//================================= Running ==================================\\
||                                                                            ||
|| Load annotation file annotation.gtf ...                                    ||
||    Features : 1                                                            ||
||    Meta-features : 1                                                       ||
||    Chromosomes/contigs : 1                                                 ||
||                                                                            ||
|| Process BAM file aligned_sorted.bam...                                     ||
||    Single-end reads are included.                                          ||
||    Total alignments : 6                                                    ||
||    Successfully assigned alignments : 0 (0.0%)                             ||
||    Running time : 0.00 minutes                                             ||
||                                                                            ||
|| Write the final count table.                                               ||
|| Write the read assignment summary.                                         ||
||                                                                            ||
|| Summary of counting results can be found in file "../results/counts.txt.s  ||
|| ummary"                                                                    ||
||                                                                            ||
\\============================================================================//

Gene counting completed.
