Starting trimming...
This is cutadapt 4.4 with Python 3.12.3
Command line parameters: -q 20 -a AGATCGGAAGAGC -m 20 -o results/clean.fastq data/sample.fastq
Processing single-end reads on 1 core ...
Finished in 0.008 s (1024.365 µs/read; 0.06 M reads/minute).

=== Summary ===

Total reads processed:                       8
Reads with adapters:                         1 (12.5%)

== Read fate breakdown ==
Reads that were too short:                   2 (25.0%)
Reads written (passing filters):             6 (75.0%)

Total basepairs processed:       148,715 bp
Quality-trimmed:                  40,837 bp (27.5%)
Total written (filtered):        107,875 bp (72.5%)

=== Adapter 1 ===

Sequence: AGATCGGAAGAGC; Type: regular 3'; Length: 13; Trimmed: 1 times

Minimum overlap: 3
No. of allowed errors:
1-9 bp: 0; 10-13 bp: 1

Bases preceding removed adapters:
  A: 0.0%
  C: 0.0%
  G: 100.0%
  T: 0.0%
  none/other: 0.0%

Overview of removed sequences
length	count	expect	max.err	error counts
3	1	0.1	0	1
Trimming completed.
